#
# There is insufficient memory for the Java Runtime Environment to continue.
# Native memory allocation (malloc) failed to allocate 32744 bytes for ChunkPool::allocate
# Possible reasons:
#   The system is out of physical RAM or swap space
#   The process is running with CompressedOops enabled, and the Java Heap may be blocking the growth of the native heap
# Possible solutions:
#   Reduce memory load on the system
#   Increase physical memory or swap space
#   Check if swap backing store is full
#   Decrease Java heap size (-Xmx/-Xms)
#   Decrease number of Java threads
#   Decrease Java thread stack sizes (-Xss)
#   Set larger code cache with -XX:ReservedCodeCacheSize=
#   JVM is running with Unscaled Compressed Oops mode in which the Java heap is
#     placed in the first 4GB address space. The Java Heap base address is the
#     maximum limit for the native heap growth. Please use -XX:HeapBaseMinAddress
#     to set the Java Heap base and to place the Java Heap above 4GB virtual address.
# This output file may be truncated or incomplete.
#
#  Out of Memory Error (arena.cpp:78), pid=3712, tid=18740
#
# JRE version: OpenJDK Runtime Environment (17.0.1+12) (build 17.0.1+12-39)
# Java VM: OpenJDK 64-Bit Server VM (17.0.1+12-39, mixed mode, sharing, tiered, compressed oops, compressed class ptrs, g1 gc, windows-amd64)
# No core dump will be written. Minidumps are not enabled by default on client versions of Windows
#

---------------  S U M M A R Y ------------

Command Line: -javaagent:C:\Program Files\JetBrains\IntelliJ IDEA Community Edition 2021.3\lib\idea_rt.jar=61110:C:\Program Files\JetBrains\IntelliJ IDEA Community Edition 2021.3\bin -Dfile.encoding=UTF-8 form1

Host: AMD Ryzen 7 4800H with Radeon Graphics         , 16 cores, 7G,  Windows 10 , 64 bit Build 19041 (10.0.19041.1348)
Time: Sun Jan  2 00:54:50 2022 SE Asia Standard Time elapsed time: 1.922453 seconds (0d 0h 0m 1s)

---------------  T H R E A D  ---------------

Current thread (0x0000017357924310):  JavaThread "C1 CompilerThread1" daemon [_thread_in_native, id=18740, stack(0x0000000db9600000,0x0000000db9700000)]


Current CompileTask:
C1:   1922 1192       3       java.net.URLStreamHandler::parseURL (1201 bytes)

Stack: [0x0000000db9600000,0x0000000db9700000]
Native frames: (J=compiled Java code, j=interpreted, Vv=VM code, C=native code)
V  [jvm.dll+0x66fa1a]
V  [jvm.dll+0x7ce5a4]
V  [jvm.dll+0x7cfd4e]
V  [jvm.dll+0x7d03b3]
V  [jvm.dll+0x242b05]
V  [jvm.dll+0xaa2a0]
V  [jvm.dll+0xaa5ec]
V  [jvm.dll+0x10b02f]
V  [jvm.dll+0x1670f1]
V  [jvm.dll+0x161042]
V  [jvm.dll+0x15b40e]
V  [jvm.dll+0x149720]
V  [jvm.dll+0x132337]
V  [jvm.dll+0x131cbf]
V  [jvm.dll+0x131ef6]
V  [jvm.dll+0x13138a]
V  [jvm.dll+0x133051]
V  [jvm.dll+0x224848]
V  [jvm.dll+0x2229ac]
V  [jvm.dll+0x78435b]
V  [jvm.dll+0x77e91a]
V  [jvm.dll+0x66e845]
C  [ucrtbase.dll+0x21bb2]
C  [KERNEL32.DLL+0x17034]
C  [ntdll.dll+0x52651]


---------------  P R O C E S S  ---------------

Threads class SMR info:
_java_thread_list=0x0000017359224a90, length=20, elements={
0x0000017357938630, 0x000001735793aff0, 0x000001735794be40, 0x000001735794c700,
0x000001735794d0b0, 0x000001735794da60, 0x0000017357951c70, 0x00000173579546f0,
0x000001735795d000, 0x0000017358425d30, 0x0000017357924310, 0x000001735846d240,
0x00000173585e36d0, 0x0000017358574770, 0x0000017358760530, 0x0000017358774470,
0x0000017358774dc0, 0x00000173587a3c30, 0x00000173392ccda0, 0x000001735933ff60
}

Java Threads: ( => current thread )
  0x0000017357938630 JavaThread "Reference Handler" daemon [_thread_blocked, id=13500, stack(0x0000000db8c00000,0x0000000db8d00000)]
  0x000001735793aff0 JavaThread "Finalizer" daemon [_thread_blocked, id=7696, stack(0x0000000db8d00000,0x0000000db8e00000)]
  0x000001735794be40 JavaThread "Signal Dispatcher" daemon [_thread_blocked, id=17968, stack(0x0000000db8e00000,0x0000000db8f00000)]
  0x000001735794c700 JavaThread "Attach Listener" daemon [_thread_blocked, id=12100, stack(0x0000000db8f00000,0x0000000db9000000)]
  0x000001735794d0b0 JavaThread "Service Thread" daemon [_thread_blocked, id=10640, stack(0x0000000db9000000,0x0000000db9100000)]
  0x000001735794da60 JavaThread "Monitor Deflation Thread" daemon [_thread_blocked, id=15444, stack(0x0000000db9100000,0x0000000db9200000)]
  0x0000017357951c70 JavaThread "C2 CompilerThread0" daemon [_thread_in_native, id=15504, stack(0x0000000db9200000,0x0000000db9300000)]
  0x00000173579546f0 JavaThread "C1 CompilerThread0" daemon [_thread_blocked, id=19208, stack(0x0000000db9300000,0x0000000db9400000)]
  0x000001735795d000 JavaThread "Sweeper thread" daemon [_thread_blocked, id=8684, stack(0x0000000db9400000,0x0000000db9500000)]
  0x0000017358425d30 JavaThread "Common-Cleaner" daemon [_thread_blocked, id=18360, stack(0x0000000db9500000,0x0000000db9600000)]
=>0x0000017357924310 JavaThread "C1 CompilerThread1" daemon [_thread_in_native, id=18740, stack(0x0000000db9600000,0x0000000db9700000)]
  0x000001735846d240 JavaThread "C1 CompilerThread2" daemon [_thread_blocked, id=19056, stack(0x0000000db9700000,0x0000000db9800000)]
  0x00000173585e36d0 JavaThread "Monitor Ctrl-Break" daemon [_thread_in_native, id=18312, stack(0x0000000db9800000,0x0000000db9900000)]
  0x0000017358574770 JavaThread "Notification Thread" daemon [_thread_blocked, id=2880, stack(0x0000000db9900000,0x0000000db9a00000)]
  0x0000017358760530 JavaThread "Java2D Disposer" daemon [_thread_blocked, id=17896, stack(0x0000000db9b00000,0x0000000db9c00000)]
  0x0000017358774470 JavaThread "AWT-Shutdown" [_thread_blocked, id=11800, stack(0x0000000db9c00000,0x0000000db9d00000)]
  0x0000017358774dc0 JavaThread "AWT-Windows" daemon [_thread_in_native, id=13260, stack(0x0000000db9d00000,0x0000000db9e00000)]
  0x00000173587a3c30 JavaThread "AWT-EventQueue-0" [_thread_in_vm, id=15276, stack(0x0000000db9e00000,0x0000000db9f00000)]
  0x00000173392ccda0 JavaThread "DestroyJavaVM" [_thread_blocked, id=17788, stack(0x0000000db8500000,0x0000000db8600000)]
  0x000001735933ff60 JavaThread "Keep-Alive-Timer" daemon [_thread_blocked, id=7232, stack(0x0000000dba400000,0x0000000dba500000)]

Other Threads:
  0x0000017357933b90 VMThread "VM Thread" [stack: 0x0000000db8b00000,0x0000000db8c00000] [id=12616]
  0x0000017339327e30 WatcherThread [stack: 0x0000000db9a00000,0x0000000db9b00000] [id=18560]
  0x0000017339308aa0 GCTaskThread "GC Thread#0" [stack: 0x0000000db8600000,0x0000000db8700000] [id=15916]
  0x0000017339318480 ConcurrentGCThread "G1 Main Marker" [stack: 0x0000000db8700000,0x0000000db8800000] [id=19156]
  0x0000017339318d30 ConcurrentGCThread "G1 Conc#0" [stack: 0x0000000db8800000,0x0000000db8900000] [id=10792]
  0x00000173393aae70 ConcurrentGCThread "G1 Refine#0" [stack: 0x0000000db8900000,0x0000000db8a00000] [id=19240]
  0x00000173393ac740 ConcurrentGCThread "G1 Service" [stack: 0x0000000db8a00000,0x0000000db8b00000] [id=12088]

Threads with active compile tasks:
C2 CompilerThread0     1984 1196       4       java.io.DataInputStream::readUTF (501 bytes)
C1 CompilerThread1     1984 1192       3       java.net.URLStreamHandler::parseURL (1201 bytes)

VM state: not at safepoint (normal execution)

VM Mutex/Monitor currently owned by a thread:  ([mutex/lock_event])
[0x00000173392c5bd0] Metaspace_lock - owner thread: 0x00000173587a3c30

Heap address: 0x000000008a000000, size: 1888 MB, Compressed Oops mode: 32-bit

CDS archive(s) mapped at: [0x0000000800000000-0x0000000800bc0000-0x0000000800bc0000), size 12320768, SharedBaseAddress: 0x0000000800000000, ArchiveRelocationMode: 0.
Compressed class space mapped at: 0x0000000800c00000-0x0000000840c00000, reserved size: 1073741824
Narrow klass base: 0x0000000800000000, Narrow klass shift: 0, Narrow klass range: 0x100000000

GC Precious Log:
 CPUs: 16 total, 16 available
 Memory: 7549M
 Large Page Support: Disabled
 NUMA Support: Disabled
 Compressed Oops: Enabled (32-bit)
 Heap Region Size: 1M
 Heap Min Capacity: 8M
 Heap Initial Capacity: 118M
 Heap Max Capacity: 1888M
 Pre-touch: Disabled
 Parallel Workers: 13
 Concurrent Workers: 3
 Concurrent Refinement Workers: 13
 Periodic GC: Disabled

Heap:
 garbage-first heap   total 120832K, used 10240K [0x000000008a000000, 0x0000000100000000)
  region size 1024K, 11 young (11264K), 0 survivors (0K)
 Metaspace       used 10449K, committed 10624K, reserved 1064960K
  class space    used 1230K, committed 1344K, reserved 1048576K

Heap Regions: E=young(eden), S=young(survivor), O=old, HS=humongous(starts), HC=humongous(continues), CS=collection set, F=free, OA=open archive, CA=closed archive, TAMS=top-at-mark-start (previous, next)
|   0|0x000000008a000000, 0x000000008a000000, 0x000000008a100000|  0%| F|  |TAMS 0x000000008a000000, 0x000000008a000000| Untracked 
|   1|0x000000008a100000, 0x000000008a100000, 0x000000008a200000|  0%| F|  |TAMS 0x000000008a100000, 0x000000008a100000| Untracked 
|   2|0x000000008a200000, 0x000000008a200000, 0x000000008a300000|  0%| F|  |TAMS 0x000000008a200000, 0x000000008a200000| Untracked 
|   3|0x000000008a300000, 0x000000008a300000, 0x000000008a400000|  0%| F|  |TAMS 0x000000008a300000, 0x000000008a300000| Untracked 
|   4|0x000000008a400000, 0x000000008a400000, 0x000000008a500000|  0%| F|  |TAMS 0x000000008a400000, 0x000000008a400000| Untracked 
|   5|0x000000008a500000, 0x000000008a500000, 0x000000008a600000|  0%| F|  |TAMS 0x000000008a500000, 0x000000008a500000| Untracked 
|   6|0x000000008a600000, 0x000000008a600000, 0x000000008a700000|  0%| F|  |TAMS 0x000000008a600000, 0x000000008a600000| Untracked 
|   7|0x000000008a700000, 0x000000008a700000, 0x000000008a800000|  0%| F|  |TAMS 0x000000008a700000, 0x000000008a700000| Untracked 
|   8|0x000000008a800000, 0x000000008a800000, 0x000000008a900000|  0%| F|  |TAMS 0x000000008a800000, 0x000000008a800000| Untracked 
|   9|0x000000008a900000, 0x000000008a900000, 0x000000008aa00000|  0%| F|  |TAMS 0x000000008a900000, 0x000000008a900000| Untracked 
|  10|0x000000008aa00000, 0x000000008aa00000, 0x000000008ab00000|  0%| F|  |TAMS 0x000000008aa00000, 0x000000008aa00000| Untracked 
|  11|0x000000008ab00000, 0x000000008ab00000, 0x000000008ac00000|  0%| F|  |TAMS 0x000000008ab00000, 0x000000008ab00000| Untracked 
|  12|0x000000008ac00000, 0x000000008ac00000, 0x000000008ad00000|  0%| F|  |TAMS 0x000000008ac00000, 0x000000008ac00000| Untracked 
|  13|0x000000008ad00000, 0x000000008ad00000, 0x000000008ae00000|  0%| F|  |TAMS 0x000000008ad00000, 0x000000008ad00000| Untracked 
|  14|0x000000008ae00000, 0x000000008ae00000, 0x000000008af00000|  0%| F|  |TAMS 0x000000008ae00000, 0x000000008ae00000| Untracked 
|  15|0x000000008af00000, 0x000000008af00000, 0x000000008b000000|  0%| F|  |TAMS 0x000000008af00000, 0x000000008af00000| Untracked 
|  16|0x000000008b000000, 0x000000008b000000, 0x000000008b100000|  0%| F|  |TAMS 0x000000008b000000, 0x000000008b000000| Untracked 
|  17|0x000000008b100000, 0x000000008b100000, 0x000000008b200000|  0%| F|  |TAMS 0x000000008b100000, 0x000000008b100000| Untracked 
|  18|0x000000008b200000, 0x000000008b200000, 0x000000008b300000|  0%| F|  |TAMS 0x000000008b200000, 0x000000008b200000| Untracked 
|  19|0x000000008b300000, 0x000000008b300000, 0x000000008b400000|  0%| F|  |TAMS 0x000000008b300000, 0x000000008b300000| Untracked 
|  20|0x000000008b400000, 0x000000008b400000, 0x000000008b500000|  0%| F|  |TAMS 0x000000008b400000, 0x000000008b400000| Untracked 
|  21|0x000000008b500000, 0x000000008b500000, 0x000000008b600000|  0%| F|  |TAMS 0x000000008b500000, 0x000000008b500000| Untracked 
|  22|0x000000008b600000, 0x000000008b600000, 0x000000008b700000|  0%| F|  |TAMS 0x000000008b600000, 0x000000008b600000| Untracked 
|  23|0x000000008b700000, 0x000000008b700000, 0x000000008b800000|  0%| F|  |TAMS 0x000000008b700000, 0x000000008b700000| Untracked 
|  24|0x000000008b800000, 0x000000008b800000, 0x000000008b900000|  0%| F|  |TAMS 0x000000008b800000, 0x000000008b800000| Untracked 
|  25|0x000000008b900000, 0x000000008b900000, 0x000000008ba00000|  0%| F|  |TAMS 0x000000008b900000, 0x000000008b900000| Untracked 
|  26|0x000000008ba00000, 0x000000008ba00000, 0x000000008bb00000|  0%| F|  |TAMS 0x000000008ba00000, 0x000000008ba00000| Untracked 
|  27|0x000000008bb00000, 0x000000008bb00000, 0x000000008bc00000|  0%| F|  |TAMS 0x000000008bb00000, 0x000000008bb00000| Untracked 
|  28|0x000000008bc00000, 0x000000008bc00000, 0x000000008bd00000|  0%| F|  |TAMS 0x000000008bc00000, 0x000000008bc00000| Untracked 
|  29|0x000000008bd00000, 0x000000008bd00000, 0x000000008be00000|  0%| F|  |TAMS 0x000000008bd00000, 0x000000008bd00000| Untracked 
|  30|0x000000008be00000, 0x000000008be00000, 0x000000008bf00000|  0%| F|  |TAMS 0x000000008be00000, 0x000000008be00000| Untracked 
|  31|0x000000008bf00000, 0x000000008bf00000, 0x000000008c000000|  0%| F|  |TAMS 0x000000008bf00000, 0x000000008bf00000| Untracked 
|  32|0x000000008c000000, 0x000000008c000000, 0x000000008c100000|  0%| F|  |TAMS 0x000000008c000000, 0x000000008c000000| Untracked 
|  33|0x000000008c100000, 0x000000008c100000, 0x000000008c200000|  0%| F|  |TAMS 0x000000008c100000, 0x000000008c100000| Untracked 
|  34|0x000000008c200000, 0x000000008c200000, 0x000000008c300000|  0%| F|  |TAMS 0x000000008c200000, 0x000000008c200000| Untracked 
|  35|0x000000008c300000, 0x000000008c300000, 0x000000008c400000|  0%| F|  |TAMS 0x000000008c300000, 0x000000008c300000| Untracked 
|  36|0x000000008c400000, 0x000000008c400000, 0x000000008c500000|  0%| F|  |TAMS 0x000000008c400000, 0x000000008c400000| Untracked 
|  37|0x000000008c500000, 0x000000008c500000, 0x000000008c600000|  0%| F|  |TAMS 0x000000008c500000, 0x000000008c500000| Untracked 
|  38|0x000000008c600000, 0x000000008c600000, 0x000000008c700000|  0%| F|  |TAMS 0x000000008c600000, 0x000000008c600000| Untracked 
|  39|0x000000008c700000, 0x000000008c700000, 0x000000008c800000|  0%| F|  |TAMS 0x000000008c700000, 0x000000008c700000| Untracked 
|  40|0x000000008c800000, 0x000000008c800000, 0x000000008c900000|  0%| F|  |TAMS 0x000000008c800000, 0x000000008c800000| Untracked 
|  41|0x000000008c900000, 0x000000008c900000, 0x000000008ca00000|  0%| F|  |TAMS 0x000000008c900000, 0x000000008c900000| Untracked 
|  42|0x000000008ca00000, 0x000000008ca00000, 0x000000008cb00000|  0%| F|  |TAMS 0x000000008ca00000, 0x000000008ca00000| Untracked 
|  43|0x000000008cb00000, 0x000000008cb00000, 0x000000008cc00000|  0%| F|  |TAMS 0x000000008cb00000, 0x000000008cb00000| Untracked 
|  44|0x000000008cc00000, 0x000000008cc00000, 0x000000008cd00000|  0%| F|  |TAMS 0x000000008cc00000, 0x000000008cc00000| Untracked 
|  45|0x000000008cd00000, 0x000000008cd00000, 0x000000008ce00000|  0%| F|  |TAMS 0x000000008cd00000, 0x000000008cd00000| Untracked 
|  46|0x000000008ce00000, 0x000000008ce00000, 0x000000008cf00000|  0%| F|  |TAMS 0x000000008ce00000, 0x000000008ce00000| Untracked 
|  47|0x000000008cf00000, 0x000000008cf00000, 0x000000008d000000|  0%| F|  |TAMS 0x000000008cf00000, 0x000000008cf00000| Untracked 
|  48|0x000000008d000000, 0x000000008d000000, 0x000000008d100000|  0%| F|  |TAMS 0x000000008d000000, 0x000000008d000000| Untracked 
|  49|0x000000008d100000, 0x000000008d100000, 0x000000008d200000|  0%| F|  |TAMS 0x000000008d100000, 0x000000008d100000| Untracked 
|  50|0x000000008d200000, 0x000000008d200000, 0x000000008d300000|  0%| F|  |TAMS 0x000000008d200000, 0x000000008d200000| Untracked 
|  51|0x000000008d300000, 0x000000008d300000, 0x000000008d400000|  0%| F|  |TAMS 0x000000008d300000, 0x000000008d300000| Untracked 
|  52|0x000000008d400000, 0x000000008d400000, 0x000000008d500000|  0%| F|  |TAMS 0x000000008d400000, 0x000000008d400000| Untracked 
|  53|0x000000008d500000, 0x000000008d500000, 0x000000008d600000|  0%| F|  |TAMS 0x000000008d500000, 0x000000008d500000| Untracked 
|  54|0x000000008d600000, 0x000000008d600000, 0x000000008d700000|  0%| F|  |TAMS 0x000000008d600000, 0x000000008d600000| Untracked 
|  55|0x000000008d700000, 0x000000008d700000, 0x000000008d800000|  0%| F|  |TAMS 0x000000008d700000, 0x000000008d700000| Untracked 
|  56|0x000000008d800000, 0x000000008d800000, 0x000000008d900000|  0%| F|  |TAMS 0x000000008d800000, 0x000000008d800000| Untracked 
|  57|0x000000008d900000, 0x000000008d900000, 0x000000008da00000|  0%| F|  |TAMS 0x000000008d900000, 0x000000008d900000| Untracked 
|  58|0x000000008da00000, 0x000000008da00000, 0x000000008db00000|  0%| F|  |TAMS 0x000000008da00000, 0x000000008da00000| Untracked 
|  59|0x000000008db00000, 0x000000008db00000, 0x000000008dc00000|  0%| F|  |TAMS 0x000000008db00000, 0x000000008db00000| Untracked 
|  60|0x000000008dc00000, 0x000000008dc00000, 0x000000008dd00000|  0%| F|  |TAMS 0x000000008dc00000, 0x000000008dc00000| Untracked 
|  61|0x000000008dd00000, 0x000000008dd00000, 0x000000008de00000|  0%| F|  |TAMS 0x000000008dd00000, 0x000000008dd00000| Untracked 
|  62|0x000000008de00000, 0x000000008de00000, 0x000000008df00000|  0%| F|  |TAMS 0x000000008de00000, 0x000000008de00000| Untracked 
|  63|0x000000008df00000, 0x000000008df00000, 0x000000008e000000|  0%| F|  |TAMS 0x000000008df00000, 0x000000008df00000| Untracked 
|  64|0x000000008e000000, 0x000000008e000000, 0x000000008e100000|  0%| F|  |TAMS 0x000000008e000000, 0x000000008e000000| Untracked 
|  65|0x000000008e100000, 0x000000008e100000, 0x000000008e200000|  0%| F|  |TAMS 0x000000008e100000, 0x000000008e100000| Untracked 
|  66|0x000000008e200000, 0x000000008e200000, 0x000000008e300000|  0%| F|  |TAMS 0x000000008e200000, 0x000000008e200000| Untracked 
|  67|0x000000008e300000, 0x000000008e300000, 0x000000008e400000|  0%| F|  |TAMS 0x000000008e300000, 0x000000008e300000| Untracked 
|  68|0x000000008e400000, 0x000000008e400000, 0x000000008e500000|  0%| F|  |TAMS 0x000000008e400000, 0x000000008e400000| Untracked 
|  69|0x000000008e500000, 0x000000008e500000, 0x000000008e600000|  0%| F|  |TAMS 0x000000008e500000, 0x000000008e500000| Untracked 
|  70|0x000000008e600000, 0x000000008e600000, 0x000000008e700000|  0%| F|  |TAMS 0x000000008e600000, 0x000000008e600000| Untracked 
|  71|0x000000008e700000, 0x000000008e700000, 0x000000008e800000|  0%| F|  |TAMS 0x000000008e700000, 0x000000008e700000| Untracked 
|  72|0x000000008e800000, 0x000000008e800000, 0x000000008e900000|  0%| F|  |TAMS 0x000000008e800000, 0x000000008e800000| Untracked 
|  73|0x000000008e900000, 0x000000008e900000, 0x000000008ea00000|  0%| F|  |TAMS 0x000000008e900000, 0x000000008e900000| Untracked 
|  74|0x000000008ea00000, 0x000000008ea00000, 0x000000008eb00000|  0%| F|  |TAMS 0x000000008ea00000, 0x000000008ea00000| Untracked 
|  75|0x000000008eb00000, 0x000000008eb00000, 0x000000008ec00000|  0%| F|  |TAMS 0x000000008eb00000, 0x000000008eb00000| Untracked 
|  76|0x000000008ec00000, 0x000000008ec00000, 0x000000008ed00000|  0%| F|  |TAMS 0x000000008ec00000, 0x000000008ec00000| Untracked 
|  77|0x000000008ed00000, 0x000000008ed00000, 0x000000008ee00000|  0%| F|  |TAMS 0x000000008ed00000, 0x000000008ed00000| Untracked 
|  78|0x000000008ee00000, 0x000000008ee00000, 0x000000008ef00000|  0%| F|  |TAMS 0x000000008ee00000, 0x000000008ee00000| Untracked 
|  79|0x000000008ef00000, 0x000000008ef00000, 0x000000008f000000|  0%| F|  |TAMS 0x000000008ef00000, 0x000000008ef00000| Untracked 
|  80|0x000000008f000000, 0x000000008f000000, 0x000000008f100000|  0%| F|  |TAMS 0x000000008f000000, 0x000000008f000000| Untracked 
|  81|0x000000008f100000, 0x000000008f100000, 0x000000008f200000|  0%| F|  |TAMS 0x000000008f100000, 0x000000008f100000| Untracked 
|  82|0x000000008f200000, 0x000000008f200000, 0x000000008f300000|  0%| F|  |TAMS 0x000000008f200000, 0x000000008f200000| Untracked 
|  83|0x000000008f300000, 0x000000008f300000, 0x000000008f400000|  0%| F|  |TAMS 0x000000008f300000, 0x000000008f300000| Untracked 
|  84|0x000000008f400000, 0x000000008f400000, 0x000000008f500000|  0%| F|  |TAMS 0x000000008f400000, 0x000000008f400000| Untracked 
|  85|0x000000008f500000, 0x000000008f500000, 0x000000008f600000|  0%| F|  |TAMS 0x000000008f500000, 0x000000008f500000| Untracked 
|  86|0x000000008f600000, 0x000000008f600000, 0x000000008f700000|  0%| F|  |TAMS 0x000000008f600000, 0x000000008f600000| Untracked 
|  87|0x000000008f700000, 0x000000008f700000, 0x000000008f800000|  0%| F|  |TAMS 0x000000008f700000, 0x000000008f700000| Untracked 
|  88|0x000000008f800000, 0x000000008f800000, 0x000000008f900000|  0%| F|  |TAMS 0x000000008f800000, 0x000000008f800000| Untracked 
|  89|0x000000008f900000, 0x000000008f900000, 0x000000008fa00000|  0%| F|  |TAMS 0x000000008f900000, 0x000000008f900000| Untracked 
|  90|0x000000008fa00000, 0x000000008fa00000, 0x000000008fb00000|  0%| F|  |TAMS 0x000000008fa00000, 0x000000008fa00000| Untracked 
|  91|0x000000008fb00000, 0x000000008fb00000, 0x000000008fc00000|  0%| F|  |TAMS 0x000000008fb00000, 0x000000008fb00000| Untracked 
|  92|0x000000008fc00000, 0x000000008fc00000, 0x000000008fd00000|  0%| F|  |TAMS 0x000000008fc00000, 0x000000008fc00000| Untracked 
|  93|0x000000008fd00000, 0x000000008fd00000, 0x000000008fe00000|  0%| F|  |TAMS 0x000000008fd00000, 0x000000008fd00000| Untracked 
|  94|0x000000008fe00000, 0x000000008fe00000, 0x000000008ff00000|  0%| F|  |TAMS 0x000000008fe00000, 0x000000008fe00000| Untracked 
|  95|0x000000008ff00000, 0x000000008ff00000, 0x0000000090000000|  0%| F|  |TAMS 0x000000008ff00000, 0x000000008ff00000| Untracked 
|  96|0x0000000090000000, 0x0000000090000000, 0x0000000090100000|  0%| F|  |TAMS 0x0000000090000000, 0x0000000090000000| Untracked 
|  97|0x0000000090100000, 0x0000000090100000, 0x0000000090200000|  0%| F|  |TAMS 0x0000000090100000, 0x0000000090100000| Untracked 
|  98|0x0000000090200000, 0x0000000090200000, 0x0000000090300000|  0%| F|  |TAMS 0x0000000090200000, 0x0000000090200000| Untracked 
|  99|0x0000000090300000, 0x0000000090300000, 0x0000000090400000|  0%| F|  |TAMS 0x0000000090300000, 0x0000000090300000| Untracked 
| 100|0x0000000090400000, 0x0000000090400000, 0x0000000090500000|  0%| F|  |TAMS 0x0000000090400000, 0x0000000090400000| Untracked 
| 101|0x0000000090500000, 0x0000000090500000, 0x0000000090600000|  0%| F|  |TAMS 0x0000000090500000, 0x0000000090500000| Untracked 
| 102|0x0000000090600000, 0x0000000090600000, 0x0000000090700000|  0%| F|  |TAMS 0x0000000090600000, 0x0000000090600000| Untracked 
| 103|0x0000000090700000, 0x0000000090700000, 0x0000000090800000|  0%| F|  |TAMS 0x0000000090700000, 0x0000000090700000| Untracked 
| 104|0x0000000090800000, 0x0000000090800000, 0x0000000090900000|  0%| F|  |TAMS 0x0000000090800000, 0x0000000090800000| Untracked 
| 105|0x0000000090900000, 0x0000000090900000, 0x0000000090a00000|  0%| F|  |TAMS 0x0000000090900000, 0x0000000090900000| Untracked 
| 106|0x0000000090a00000, 0x0000000090a00000, 0x0000000090b00000|  0%| F|  |TAMS 0x0000000090a00000, 0x0000000090a00000| Untracked 
| 107|0x0000000090b00000, 0x0000000090b764b0, 0x0000000090c00000| 46%| E|  |TAMS 0x0000000090b00000, 0x0000000090b00000| Complete 
| 108|0x0000000090c00000, 0x0000000090d00000, 0x0000000090d00000|100%| E|CS|TAMS 0x0000000090c00000, 0x0000000090c00000| Complete 
| 109|0x0000000090d00000, 0x0000000090e00000, 0x0000000090e00000|100%| E|CS|TAMS 0x0000000090d00000, 0x0000000090d00000| Complete 
| 110|0x0000000090e00000, 0x0000000090f00000, 0x0000000090f00000|100%| E|CS|TAMS 0x0000000090e00000, 0x0000000090e00000| Complete 
| 111|0x0000000090f00000, 0x0000000091000000, 0x0000000091000000|100%| E|CS|TAMS 0x0000000090f00000, 0x0000000090f00000| Complete 
| 112|0x0000000091000000, 0x0000000091100000, 0x0000000091100000|100%| E|CS|TAMS 0x0000000091000000, 0x0000000091000000| Complete 
| 113|0x0000000091100000, 0x0000000091200000, 0x0000000091200000|100%| E|CS|TAMS 0x0000000091100000, 0x0000000091100000| Complete 
| 114|0x0000000091200000, 0x0000000091300000, 0x0000000091300000|100%| E|CS|TAMS 0x0000000091200000, 0x0000000091200000| Complete 
| 115|0x0000000091300000, 0x0000000091400000, 0x0000000091400000|100%| E|CS|TAMS 0x0000000091300000, 0x0000000091300000| Complete 
| 116|0x0000000091400000, 0x0000000091500000, 0x0000000091500000|100%| E|CS|TAMS 0x0000000091400000, 0x0000000091400000| Complete 
| 117|0x0000000091500000, 0x0000000091600000, 0x0000000091600000|100%| E|CS|TAMS 0x0000000091500000, 0x0000000091500000| Complete 

Card table byte_map: [0x0000017350700000,0x0000017350ab0000] _byte_map_base: 0x00000173502b0000

Marking Bits (Prev, Next): (CMBitMap*) 0x0000017339308f50, (CMBitMap*) 0x0000017339308f90
 Prev Bits: [0x0000017350e60000, 0x0000017352be0000)
 Next Bits: [0x0000017352be0000, 0x0000017354960000)

Polling page: 0x0000017338ab0000

Metaspace:

Usage:
  Non-class:      9.00 MB used.
      Class:      1.20 MB used.
       Both:     10.20 MB used.

Virtual space:
  Non-class space:       16.00 MB reserved,       9.06 MB ( 57%) committed,  2 nodes.
      Class space:        1.00 GB reserved,       1.31 MB ( <1%) committed,  1 nodes.
             Both:        1.02 GB reserved,      10.38 MB ( <1%) committed. 

Chunk freelists:
   Non-Class:  2.55 MB
       Class:  2.67 MB
        Both:  5.22 MB

MaxMetaspaceSize: unlimited
CompressedClassSpaceSize: 1.00 GB
Initial GC threshold: 21.00 MB
Current GC threshold: 21.00 MB
CDS: on
MetaspaceReclaimPolicy: balanced
 - commit_granule_bytes: 65536.
 - commit_granule_words: 8192.
 - virtual_space_node_default_size: 1048576.
 - enlarge_chunks_in_place: 1.
 - new_chunks_are_fully_committed: 0.
 - uncommit_free_chunks: 1.
 - use_allocation_guard: 0.
 - handle_deallocations: 1.


Internal statistics:

num_allocs_failed_limit: 0.
num_arena_births: 120.
num_arena_deaths: 0.
num_vsnodes_births: 3.
num_vsnodes_deaths: 0.
num_space_committed: 166.
num_space_uncommitted: 0.
num_chunks_returned_to_freelist: 0.
num_chunks_taken_from_freelist: 205.
num_chunk_merges: 0.
num_chunk_splits: 115.
num_chunks_enlarged: 50.
num_purges: 0.
num_inconsistent_stats: 0.

CodeHeap 'non-profiled nmethods': size=119168Kb used=311Kb max_used=311Kb free=118856Kb
 bounds [0x0000017348670000, 0x00000173488e0000, 0x000001734fad0000]
CodeHeap 'profiled nmethods': size=119104Kb used=1972Kb max_used=1972Kb free=117131Kb
 bounds [0x0000017341220000, 0x0000017341490000, 0x0000017348670000]
CodeHeap 'non-nmethods': size=7488Kb used=2425Kb max_used=2432Kb free=5062Kb
 bounds [0x0000017340ad0000, 0x0000017340d40000, 0x0000017341220000]
 total_blobs=1844 nmethods=1209 adapters=546
 compilation: enabled
              stopped_count=0, restarted_count=0
 full_count=0

Compilation events (20 events):
Event: 1.901 Thread 0x00000173579546f0 nmethod 1181 0x0000017341402f10 code [0x0000017341403100, 0x00000173414035f8]
Event: 1.904 Thread 0x00000173579546f0 1182       3       java.io.RandomAccessFile::seek (22 bytes)
Event: 1.904 Thread 0x00000173579546f0 nmethod 1182 0x0000017341403790 code [0x0000017341403940, 0x0000017341403b78]
Event: 1.905 Thread 0x00000173579546f0 1184       3       java.io.InputStream::<init> (5 bytes)
Event: 1.905 Thread 0x00000173579546f0 nmethod 1184 0x0000017341403c90 code [0x0000017341403e20, 0x0000017341403f78]
Event: 1.906 Thread 0x00000173579546f0 1185       3       jdk.internal.loader.ClassLoaders$AppClassLoader::loadClass (40 bytes)
Event: 1.907 Thread 0x00000173579546f0 nmethod 1185 0x0000017341404010 code [0x0000017341404260, 0x0000017341404bb8]
Event: 1.908 Thread 0x0000017357951c70 1187       4       java.lang.Math::min (11 bytes)
Event: 1.908 Thread 0x0000017357951c70 nmethod 1187 0x00000173486bca10 code [0x00000173486bcb80, 0x00000173486bcbd8]
Event: 1.908 Thread 0x0000017357951c70 1189       4       java.lang.StringLatin1::indexOf (121 bytes)
Event: 1.912 Thread 0x00000173579546f0 1190   !   3       org.json.JSONTokener::next (68 bytes)
Event: 1.912 Thread 0x000001735846d240 1191       3       org.json.JSONTokener::incrementIndexes (98 bytes)
Event: 1.912 Thread 0x0000017357951c70 nmethod 1189 0x00000173486bcd10 code [0x00000173486bcea0, 0x00000173486bd318]
Event: 1.912 Thread 0x0000017357924310 1192       3       java.net.URLStreamHandler::parseURL (1201 bytes)
Event: 1.913 Thread 0x000001735846d240 nmethod 1191 0x0000017341404f10 code [0x00000173414050c0, 0x00000173414053b8]
Event: 1.913 Thread 0x00000173579546f0 nmethod 1190 0x0000017341405490 code [0x0000017341405660, 0x0000017341405a68]
Event: 1.914 Thread 0x00000173579546f0 1193       3       sun.net.www.protocol.file.Handler::parseURL (18 bytes)
Event: 1.915 Thread 0x00000173579546f0 nmethod 1193 0x0000017341405c10 code [0x0000017341405dc0, 0x0000017341405f78]
Event: 1.915 Thread 0x00000173579546f0 1194       3       java.security.CodeSource::getCertificates (98 bytes)
Event: 1.916 Thread 0x00000173579546f0 nmethod 1194 0x0000017341406090 code [0x0000017341406300, 0x0000017341406e98]

GC Heap History (0 events):
No events

Deoptimization events (20 events):
Event: 0.829 Thread 0x00000173587a3c30 Uncommon trap: trap_request=0xffffffc6 fr.pc=0x00000173486966f0 relative=0x00000000000008f0
Event: 0.829 Thread 0x00000173587a3c30 Uncommon trap: reason=bimorphic_or_optimized_type_check action=maybe_recompile pc=0x00000173486966f0 method=java.util.HashMap.putVal(ILjava/lang/Object;Ljava/lang/Object;ZZ)Ljava/lang/Object; @ 152 c2
Event: 0.829 Thread 0x00000173587a3c30 DEOPT PACKING pc=0x00000173486966f0 sp=0x0000000db9efcc30
Event: 0.829 Thread 0x00000173587a3c30 DEOPT UNPACKING pc=0x0000017340b223a3 sp=0x0000000db9efcbb0 mode 2
Event: 0.829 Thread 0x00000173587a3c30 Uncommon trap: trap_request=0xffffffc6 fr.pc=0x00000173486966f0 relative=0x00000000000008f0
Event: 0.829 Thread 0x00000173587a3c30 Uncommon trap: reason=bimorphic_or_optimized_type_check action=maybe_recompile pc=0x00000173486966f0 method=java.util.HashMap.putVal(ILjava/lang/Object;Ljava/lang/Object;ZZ)Ljava/lang/Object; @ 152 c2
Event: 0.829 Thread 0x00000173587a3c30 DEOPT PACKING pc=0x00000173486966f0 sp=0x0000000db9efcc30
Event: 0.829 Thread 0x00000173587a3c30 DEOPT UNPACKING pc=0x0000017340b223a3 sp=0x0000000db9efcbb0 mode 2
Event: 0.829 Thread 0x00000173587a3c30 Uncommon trap: trap_request=0xffffffc6 fr.pc=0x00000173486966f0 relative=0x00000000000008f0
Event: 0.829 Thread 0x00000173587a3c30 Uncommon trap: reason=bimorphic_or_optimized_type_check action=maybe_recompile pc=0x00000173486966f0 method=java.util.HashMap.putVal(ILjava/lang/Object;Ljava/lang/Object;ZZ)Ljava/lang/Object; @ 152 c2
Event: 0.829 Thread 0x00000173587a3c30 DEOPT PACKING pc=0x00000173486966f0 sp=0x0000000db9efcc30
Event: 0.829 Thread 0x00000173587a3c30 DEOPT UNPACKING pc=0x0000017340b223a3 sp=0x0000000db9efcbb0 mode 2
Event: 0.829 Thread 0x00000173587a3c30 DEOPT PACKING pc=0x0000017341250167 sp=0x0000000db9efcc30
Event: 0.829 Thread 0x00000173587a3c30 DEOPT UNPACKING pc=0x0000017340b22b43 sp=0x0000000db9efc050 mode 0
Event: 1.040 Thread 0x00000173587a3c30 DEOPT PACKING pc=0x000001734122d7d1 sp=0x0000000db9efd610
Event: 1.040 Thread 0x00000173587a3c30 DEOPT UNPACKING pc=0x0000017340b22b43 sp=0x0000000db9efca88 mode 0
Event: 1.054 Thread 0x00000173587a3c30 Uncommon trap: trap_request=0xffffff45 fr.pc=0x00000173486a4818 relative=0x00000000000008b8
Event: 1.054 Thread 0x00000173587a3c30 Uncommon trap: reason=unstable_if action=reinterpret pc=0x00000173486a4818 method=java.util.HashMap.putVal(ILjava/lang/Object;Ljava/lang/Object;ZZ)Ljava/lang/Object; @ 181 c2
Event: 1.054 Thread 0x00000173587a3c30 DEOPT PACKING pc=0x00000173486a4818 sp=0x0000000db9efd7a0
Event: 1.054 Thread 0x00000173587a3c30 DEOPT UNPACKING pc=0x0000017340b223a3 sp=0x0000000db9efd6e8 mode 2

Classes unloaded (0 events):
No events

Classes redefined (0 events):
No events

Internal exceptions (14 events):
Event: 0.142 Thread 0x00000173585e36d0 Exception <a 'java/lang/NoSuchMethodError'{0x0000000091382980}: 'java.lang.Object java.lang.invoke.DirectMethodHandle$Holder.invokeStaticInit(java.lang.Object)'> (0x0000000091382980) 
thrown [t:\workspace\open\src\hotspot\share\interpreter\linkResolver.cpp, line 766]
Event: 0.152 Thread 0x00000173585e36d0 Exception <a 'java/lang/NoSuchMethodError'{0x0000000091390758}: 'void java.lang.invoke.DirectMethodHandle$Holder.invokeStatic(java.lang.Object, java.lang.Object)'> (0x0000000091390758) 
thrown [t:\workspace\open\src\hotspot\share\interpreter\linkResolver.cpp, line 766]
Event: 0.194 Thread 0x00000173392ccda0 Exception <a 'java/lang/ClassNotFoundException'{0x000000009132f2d0}: sun/awt/resources/spi/awtProvider> (0x000000009132f2d0) 
thrown [t:\workspace\open\src\hotspot\share\classfile\systemDictionary.cpp, line 256]
Event: 0.224 Thread 0x00000173392ccda0 Exception <a 'java/io/FileNotFoundException'{0x00000000912051e8}> (0x00000000912051e8) 
thrown [t:\workspace\open\src\hotspot\share\prims\jni.cpp, line 516]
Event: 0.230 Thread 0x00000173392ccda0 Exception <a 'java/io/FileNotFoundException'{0x00000000912320e0}> (0x00000000912320e0) 
thrown [t:\workspace\open\src\hotspot\share\prims\jni.cpp, line 516]
Event: 0.613 Thread 0x00000173587a3c30 Exception <a 'java/lang/NoSuchMethodError'{0x000000009113bfd8}: 'void java.lang.invoke.DirectMethodHandle$Holder.invokeSpecial(java.lang.Object, java.lang.Object, java.lang.Object)'> (0x000000009113bfd8) 
thrown [t:\workspace\open\src\hotspot\share\interpreter\linkResolver.cpp, line 766]
Event: 0.624 Thread 0x00000173587a3c30 Exception <a 'java/lang/NoSuchMethodError'{0x0000000091165fd8}: 'java.lang.Object java.lang.invoke.DirectMethodHandle$Holder.newInvokeSpecial(java.lang.Object, java.lang.Object, java.lang.Object, java.lang.Object, java.lang.Object)'> (0x0000000091165fd8) 
thrown [t:\workspace\open\src\hotspot\share\interpreter\linkResolver.cpp, line 766]
Event: 0.626 Thread 0x00000173587a3c30 Exception <a 'java/lang/NoSuchMethodError'{0x00000000911719a0}: 'java.lang.Object java.lang.invoke.DirectMethodHandle$Holder.invokeStatic(java.lang.Object, int, java.lang.Object, java.lang.Object, java.lang.Object, java.lang.Object)'> (0x00000000911719a0) 
thrown [t:\workspace\open\src\hotspot\share\interpreter\linkResolver.cpp, line 766]
Event: 0.631 Thread 0x00000173587a3c30 Exception <a 'java/lang/NoSuchMethodError'{0x00000000911976d0}: 'java.lang.Object java.lang.invoke.DirectMethodHandle$Holder.invokeStatic(java.lang.Object, int, java.lang.Object)'> (0x00000000911976d0) 
thrown [t:\workspace\open\src\hotspot\share\interpreter\linkResolver.cpp, line 766]
Event: 0.659 Thread 0x00000173587a3c30 Exception <a 'java/lang/ClassNotFoundException'{0x000000009104faa0}: com/sun/swing/internal/plaf/metal/resources/spi/metalProvider> (0x000000009104faa0) 
thrown [t:\workspace\open\src\hotspot\share\classfile\systemDictionary.cpp, line 256]
Event: 0.661 Thread 0x00000173587a3c30 Exception <a 'java/lang/ClassNotFoundException'{0x00000000910538f8}: com/sun/swing/internal/plaf/basic/resources/spi/basicProvider> (0x00000000910538f8) 
thrown [t:\workspace\open\src\hotspot\share\classfile\systemDictionary.cpp, line 256]
Event: 0.767 Thread 0x00000173587a3c30 Implicit null exception at 0x000001734869060f to 0x0000017348690689
Event: 0.888 Thread 0x00000173587a3c30 Exception <a 'java/lang/NoSuchMethodError'{0x0000000090f96870}: 'void java.lang.invoke.DirectMethodHandle$Holder.invokeStaticInit(java.lang.Object)'> (0x0000000090f96870) 
thrown [t:\workspace\open\src\hotspot\share\interpreter\linkResolver.cpp, line 766]
Event: 0.933 Thread 0x0000017358774dc0 Exception <a 'java/lang/NoSuchMethodError'{0x0000000091286208}: 'void java.lang.invoke.DirectMethodHandle$Holder.invokeVirtual(java.lang.Object, java.lang.Object)'> (0x0000000091286208) 
thrown [t:\workspace\open\src\hotspot\share\interpreter\linkResolver.cpp, line 766]

VM Operations (14 events):
Event: 0.099 Executing VM operation: HandshakeAllThreads
Event: 0.099 Executing VM operation: HandshakeAllThreads done
Event: 0.140 Executing VM operation: HandshakeAllThreads
Event: 0.140 Executing VM operation: HandshakeAllThreads done
Event: 0.737 Executing VM operation: HandshakeAllThreads
Event: 0.737 Executing VM operation: HandshakeAllThreads done
Event: 0.828 Executing VM operation: HandshakeAllThreads
Event: 0.828 Executing VM operation: HandshakeAllThreads done
Event: 0.857 Executing VM operation: HandshakeAllThreads
Event: 0.857 Executing VM operation: HandshakeAllThreads done
Event: 1.139 Executing VM operation: ICBufferFull
Event: 1.139 Executing VM operation: ICBufferFull done
Event: 1.903 Executing VM operation: HandshakeAllThreads
Event: 1.903 Executing VM operation: HandshakeAllThreads done

Events (20 events):
Event: 1.728 loading class java/awt/event/MouseEvent$1 done
Event: 1.897 loading class sun/net/www/HeaderParser
Event: 1.899 loading class sun/net/www/HeaderParser done
Event: 1.899 loading class sun/net/www/http/ChunkedInputStream
Event: 1.900 loading class sun/net/www/http/Hurryable
Event: 1.900 loading class sun/net/www/http/Hurryable done
Event: 1.900 loading class sun/net/www/http/ChunkedInputStream done
Event: 1.900 loading class sun/net/www/protocol/http/HttpURLConnection$HttpInputStream
Event: 1.900 loading class sun/net/www/protocol/http/HttpURLConnection$HttpInputStream done
Event: 1.902 loading class sun/net/www/http/KeepAliveCache$1
Event: 1.903 loading class sun/net/www/http/KeepAliveCache$1 done
Event: 1.903 Thread 0x000001735933ff60 Thread added: 0x000001735933ff60
Event: 1.903 loading class sun/net/www/http/ClientVector
Event: 1.903 loading class sun/net/www/http/ClientVector done
Event: 1.903 loading class sun/net/www/http/KeepAliveEntry
Event: 1.903 loading class sun/net/www/http/KeepAliveEntry done
Event: 1.907 loading class java/lang/SecurityException
Event: 1.907 loading class java/lang/SecurityException done
Event: 1.912 loading class java/math/MathContext
Event: 1.912 loading class java/math/MathContext done


Dynamic libraries:
0x00007ff79a780000 - 0x00007ff79a78e000 	C:\Users\LNV\.jdks\openjdk-17.0.1\bin\java.exe
0x00007fffd6d10000 - 0x00007fffd6f05000 	C:\Windows\SYSTEM32\ntdll.dll
0x00007fffd6ac0000 - 0x00007fffd6b7e000 	C:\Windows\System32\KERNEL32.DLL
0x00007fffd4790000 - 0x00007fffd4a58000 	C:\Windows\System32\KERNELBASE.dll
0x00007fffcf190000 - 0x00007fffcf1a8000 	C:\Users\LNV\.jdks\openjdk-17.0.1\bin\jli.dll
0x00007fffd4a60000 - 0x00007fffd4b60000 	C:\Windows\System32\ucrtbase.dll
0x00007fffcf680000 - 0x00007fffcf69a000 	C:\Users\LNV\.jdks\openjdk-17.0.1\bin\VCRUNTIME140.dll
0x00007fffc6710000 - 0x00007fffc69aa000 	C:\Windows\WinSxS\amd64_microsoft.windows.common-controls_6595b64144ccf1df_6.0.19041.1110_none_60b5254171f9507e\COMCTL32.dll
0x00007fffd6440000 - 0x00007fffd65e1000 	C:\Windows\System32\USER32.dll
0x00007fffd6660000 - 0x00007fffd66fe000 	C:\Windows\System32\msvcrt.dll
0x00007fffd4600000 - 0x00007fffd4622000 	C:\Windows\System32\win32u.dll
0x00007fffd5f60000 - 0x00007fffd5f8b000 	C:\Windows\System32\GDI32.dll
0x00007fffd4bf0000 - 0x00007fffd4cfb000 	C:\Windows\System32\gdi32full.dll
0x00007fffd4430000 - 0x00007fffd44cd000 	C:\Windows\System32\msvcp_win.dll
0x00007fffd4dc0000 - 0x00007fffd4df0000 	C:\Windows\System32\IMM32.DLL
0x00007fffcf4f0000 - 0x00007fffcf4fc000 	C:\Users\LNV\.jdks\openjdk-17.0.1\bin\vcruntime140_1.dll
0x00007fffb71d0000 - 0x00007fffb725d000 	C:\Users\LNV\.jdks\openjdk-17.0.1\bin\msvcp140.dll
0x00007fff99800000 - 0x00007fff9a3be000 	C:\Users\LNV\.jdks\openjdk-17.0.1\bin\server\jvm.dll
0x00007fffd56d0000 - 0x00007fffd577c000 	C:\Windows\System32\ADVAPI32.dll
0x00007fffd6070000 - 0x00007fffd610b000 	C:\Windows\System32\sechost.dll
0x00007fffd6ba0000 - 0x00007fffd6cca000 	C:\Windows\System32\RPCRT4.dll
0x00007fffd5510000 - 0x00007fffd5518000 	C:\Windows\System32\PSAPI.DLL
0x00007fffd17e0000 - 0x00007fffd17e9000 	C:\Windows\SYSTEM32\WSOCK32.dll
0x00007fffc8cf0000 - 0x00007fffc8d17000 	C:\Windows\SYSTEM32\WINMM.dll
0x00007fffcd5c0000 - 0x00007fffcd5ca000 	C:\Windows\SYSTEM32\VERSION.dll
0x00007fffd65f0000 - 0x00007fffd665b000 	C:\Windows\System32\WS2_32.dll
0x00007fffd2cb0000 - 0x00007fffd2cc2000 	C:\Windows\SYSTEM32\kernel.appcore.dll
0x00007fffcf100000 - 0x00007fffcf10a000 	C:\Users\LNV\.jdks\openjdk-17.0.1\bin\jimage.dll
0x00007fffd2190000 - 0x00007fffd2374000 	C:\Windows\SYSTEM32\DBGHELP.DLL
0x00007fffbcae0000 - 0x00007fffbcb0c000 	C:\Windows\SYSTEM32\dbgcore.DLL
0x00007fffd4b60000 - 0x00007fffd4be3000 	C:\Windows\System32\bcryptPrimitives.dll
0x00007fffcef10000 - 0x00007fffcef1e000 	C:\Users\LNV\.jdks\openjdk-17.0.1\bin\instrument.dll
0x00007fffce940000 - 0x00007fffce965000 	C:\Users\LNV\.jdks\openjdk-17.0.1\bin\java.dll
0x00007fffaab20000 - 0x00007fffaabf6000 	C:\Users\LNV\.jdks\openjdk-17.0.1\bin\svml.dll
0x00007fffd5780000 - 0x00007fffd5ebf000 	C:\Windows\System32\SHELL32.dll
0x00007fffd2510000 - 0x00007fffd2ca0000 	C:\Windows\SYSTEM32\windows.storage.dll
0x00007fffd6700000 - 0x00007fffd6a55000 	C:\Windows\System32\combase.dll
0x00007fffd3e80000 - 0x00007fffd3eae000 	C:\Windows\SYSTEM32\Wldp.dll
0x00007fffd4e60000 - 0x00007fffd4f0d000 	C:\Windows\System32\SHCORE.dll
0x00007fffd4df0000 - 0x00007fffd4e45000 	C:\Windows\System32\shlwapi.dll
0x00007fffd4370000 - 0x00007fffd438f000 	C:\Windows\SYSTEM32\profapi.dll
0x00007fffcd5a0000 - 0x00007fffcd5b8000 	C:\Users\LNV\.jdks\openjdk-17.0.1\bin\zip.dll
0x00007fffcf030000 - 0x00007fffcf049000 	C:\Users\LNV\.jdks\openjdk-17.0.1\bin\net.dll
0x00007fffc5cd0000 - 0x00007fffc5ddc000 	C:\Windows\SYSTEM32\WINHTTP.dll
0x00007fffd3be0000 - 0x00007fffd3c4a000 	C:\Windows\system32\mswsock.dll
0x00007fffcef80000 - 0x00007fffcef95000 	C:\Users\LNV\.jdks\openjdk-17.0.1\bin\nio.dll
0x00007fffccff0000 - 0x00007fffcd00a000 	C:\Program Files\JetBrains\IntelliJ IDEA Community Edition 2021.3\bin\breakgen64.dll
0x00007fffa35d0000 - 0x00007fffa375e000 	C:\Users\LNV\.jdks\openjdk-17.0.1\bin\awt.dll
0x00007fffd4f10000 - 0x00007fffd4fdd000 	C:\Windows\System32\OLEAUT32.dll
0x00007fffd1900000 - 0x00007fffd1990000 	C:\Windows\SYSTEM32\apphelp.dll
0x00007fffd1a40000 - 0x00007fffd1ade000 	C:\Windows\system32\uxtheme.dll
0x00007fffa4090000 - 0x00007fffa41e3000 	C:\Program Files (x86)\Stardock\Fences\FencesMenu64.dll
0x00007fffd6310000 - 0x00007fffd643a000 	C:\Windows\System32\ole32.dll
0x00007fffd4330000 - 0x00007fffd435e000 	C:\Windows\SYSTEM32\USERENV.dll
0x00007fffcf820000 - 0x00007fffcf834000 	C:\Windows\SYSTEM32\WTSAPI32.dll
0x00007fffc69b0000 - 0x00007fffc6b59000 	C:\Windows\WinSxS\amd64_microsoft.windows.gdiplus_6595b64144ccf1df_1.1.19041.1348_none_91a2627ccc89e3fb\gdiplus.dll
0x00007fffd6170000 - 0x00007fffd6285000 	C:\Windows\System32\MSCTF.dll
0x00007fffd1e60000 - 0x00007fffd1e8f000 	C:\Windows\system32\DWMAPI.DLL
0x00007fffcd150000 - 0x00007fffcd275000 	C:\Windows\system32\opengl32.dll
0x00007fffcf150000 - 0x00007fffcf17c000 	C:\Windows\SYSTEM32\GLU32.dll
0x00007fffc9ac0000 - 0x00007fffc9c8e000 	C:\Windows\system32\d3d9.dll
0x00007fffc9ec0000 - 0x00007fffc9fc2000 	C:\Windows\System32\DriverStore\FileRepository\nvlt.inf_amd64_01ef36ba3f9e7237\nvldumdx.dll
0x00007fffd4010000 - 0x00007fffd4022000 	C:\Windows\SYSTEM32\msasn1.dll
0x00007fffcc880000 - 0x00007fffcc8b1000 	C:\Windows\SYSTEM32\cryptnet.dll
0x00007fffd4630000 - 0x00007fffd4786000 	C:\Windows\System32\CRYPT32.dll
0x00007fffd3df0000 - 0x00007fffd3dfc000 	C:\Windows\SYSTEM32\cryptbase.dll
0x00007fffd4d00000 - 0x00007fffd4d60000 	C:\Windows\System32\WINTRUST.DLL
0x00007fffd6b80000 - 0x00007fffd6b9d000 	C:\Windows\System32\imagehlp.dll
0x00007fffd3dd0000 - 0x00007fffd3de8000 	C:\Windows\SYSTEM32\CRYPTSP.dll
0x00007fffd34f0000 - 0x00007fffd3524000 	C:\Windows\system32\rsaenh.dll
0x00007fffd4520000 - 0x00007fffd4547000 	C:\Windows\System32\bcrypt.dll
0x00007fff979b0000 - 0x00007fff993cc000 	C:\Windows\System32\DriverStore\FileRepository\nvlt.inf_amd64_01ef36ba3f9e7237\nvd3dumx.dll
0x00007fff9fb20000 - 0x00007fff9fdd9000 	C:\Windows\system32\nvspcap64.dll
0x00007fffd3120000 - 0x00007fffd3153000 	C:\Windows\SYSTEM32\ntmarta.dll
0x00007fffd2cd0000 - 0x00007fffd2cf3000 	C:\Windows\SYSTEM32\gpapi.dll
0x00007fffca230000 - 0x00007fffca26b000 	C:\Windows\SYSTEM32\dxcore.dll
0x00007fffd44d0000 - 0x00007fffd451e000 	C:\Windows\System32\cfgmgr32.dll
0x00007fffaa6d0000 - 0x00007fffaa759000 	C:\Users\LNV\.jdks\openjdk-17.0.1\bin\freetype.dll
0x00007fffaa270000 - 0x00007fffaa318000 	C:\Users\LNV\.jdks\openjdk-17.0.1\bin\fontmanager.dll
0x00007fffc6000000 - 0x00007fffc60f9000 	C:\Windows\SYSTEM32\textinputframework.dll
0x00007fffd1090000 - 0x00007fffd13ee000 	C:\Windows\System32\CoreUIComponents.dll
0x00007fffd15e0000 - 0x00007fffd16d2000 	C:\Windows\System32\CoreMessaging.dll
0x00007fffd0990000 - 0x00007fffd0ae4000 	C:\Windows\SYSTEM32\wintypes.dll
0x00007fffd4fe0000 - 0x00007fffd5089000 	C:\Windows\System32\clbcatq.dll
0x00007fffcc8e0000 - 0x00007fffcca94000 	C:\Windows\SYSTEM32\WindowsCodecs.dll
0x00007fffaf100000 - 0x00007fffaf13e000 	C:\Windows\system32\dataexchange.dll
0x00007fffcfce0000 - 0x00007fffcff44000 	C:\Windows\system32\d3d11.dll
0x00007fffd0b00000 - 0x00007fffd0ce5000 	C:\Windows\system32\dcomp.dll
0x00007fffd2d20000 - 0x00007fffd2e14000 	C:\Windows\system32\dxgi.dll
0x00007fffcc300000 - 0x00007fffcc501000 	C:\Windows\system32\twinapi.appcore.dll
0x00007fffd38c0000 - 0x00007fffd398b000 	C:\Windows\SYSTEM32\DNSAPI.dll
0x00007fffd3880000 - 0x00007fffd38bb000 	C:\Windows\SYSTEM32\IPHLPAPI.DLL
0x00007fffd4e50000 - 0x00007fffd4e58000 	C:\Windows\System32\NSI.dll
0x00007fffc7dc0000 - 0x00007fffc7dca000 	C:\Windows\System32\rasadhlp.dll
0x00007fffc8220000 - 0x00007fffc829f000 	C:\Windows\System32\fwpuclnt.dll

dbghelp: loaded successfully - version: 4.0.5 - missing functions: none
symbol engine: initialized successfully - sym options: 0x614 - pdb path: .;C:\Users\LNV\.jdks\openjdk-17.0.1\bin;C:\Windows\SYSTEM32;C:\Windows\WinSxS\amd64_microsoft.windows.common-controls_6595b64144ccf1df_6.0.19041.1110_none_60b5254171f9507e;C:\Users\LNV\.jdks\openjdk-17.0.1\bin\server;C:\Program Files\JetBrains\IntelliJ IDEA Community Edition 2021.3\bin;C:\Program Files (x86)\Stardock\Fences;C:\Windows\WinSxS\amd64_microsoft.windows.gdiplus_6595b64144ccf1df_1.1.19041.1348_none_91a2627ccc89e3fb;C:\Windows\System32\DriverStore\FileRepository\nvlt.inf_amd64_01ef36ba3f9e7237

VM Arguments:
jvm_args: -javaagent:C:\Program Files\JetBrains\IntelliJ IDEA Community Edition 2021.3\lib\idea_rt.jar=61110:C:\Program Files\JetBrains\IntelliJ IDEA Community Edition 2021.3\bin -Dfile.encoding=UTF-8 
java_command: form1
java_class_path (initial): D:\Code\IntelliJ\OOP\out\production\OOP;D:\Code\IntelliJ\mysql-connector-java-8.0.27.jar;D:\Code\IntelliJ\jdatepicker-1.3.4.jar;D:\Code\IntelliJ\OOP_Mini_Project\lib\json-20210307.jar;D:\Code\IntelliJ\OOP_Mini_Project\lib\gson-2.8.2.jar;D:\Code\IntelliJ\OOP_Mini_Project\lib\jstl-1.2.jar
Launcher Type: SUN_STANDARD

[Global flags]
     intx CICompilerCount                          = 12                                        {product} {ergonomic}
     uint ConcGCThreads                            = 3                                         {product} {ergonomic}
     uint G1ConcRefinementThreads                  = 13                                        {product} {ergonomic}
   size_t G1HeapRegionSize                         = 1048576                                   {product} {ergonomic}
    uintx GCDrainStackTargetSize                   = 64                                        {product} {ergonomic}
   size_t InitialHeapSize                          = 123731968                                 {product} {ergonomic}
   size_t MarkStackSize                            = 4194304                                   {product} {ergonomic}
   size_t MaxHeapSize                              = 1979711488                                {product} {ergonomic}
   size_t MaxNewSize                               = 1186988032                                {product} {ergonomic}
   size_t MinHeapDeltaBytes                        = 1048576                                   {product} {ergonomic}
   size_t MinHeapSize                              = 8388608                                   {product} {ergonomic}
    uintx NonNMethodCodeHeapSize                   = 7602480                                {pd product} {ergonomic}
    uintx NonProfiledCodeHeapSize                  = 122027880                              {pd product} {ergonomic}
    uintx ProfiledCodeHeapSize                     = 122027880                              {pd product} {ergonomic}
    uintx ReservedCodeCacheSize                    = 251658240                              {pd product} {ergonomic}
     bool SegmentedCodeCache                       = true                                      {product} {ergonomic}
   size_t SoftMaxHeapSize                          = 1979711488                             {manageable} {ergonomic}
     bool UseCompressedClassPointers               = true                           {product lp64_product} {ergonomic}
     bool UseCompressedOops                        = true                           {product lp64_product} {ergonomic}
     bool UseG1GC                                  = true                                      {product} {ergonomic}
     bool UseLargePagesIndividualAllocation        = false                                  {pd product} {ergonomic}

Logging:
Log output configuration:
 #0: stdout all=warning uptime,level,tags
 #1: stderr all=off uptime,level,tags

Environment Variables:
PATH=C:\Python310\Scripts\;C:\Python310\;C:\Windows\system32;C:\Windows;C:\Windows\System32\Wbem;C:\Windows\System32\WindowsPowerShell\v1.0\;C:\Windows\System32\OpenSSH\;C:\Program Files\NVIDIA Corporation\NVIDIA NvDLISR;C:\Program Files\nodejs\;C:\ProgramData\chocolatey\bin;C:\xampp\php;C:\ProgramData\ComposerSetup\bin;C:\Program Files\Git\cmd;C:\Users\LNV\AppData\Local\Microsoft\WindowsApps;C:\Users\LNV\AppData\Roaming\npm;C:\Users\LNV\AppData\Roaming\Composer\vendor\bin;C:\Users\LNV\AppData\Local\Programs\Microsoft VS Code\bin
USERNAME=LNV
OS=Windows_NT
PROCESSOR_IDENTIFIER=AMD64 Family 23 Model 96 Stepping 1, AuthenticAMD



---------------  S Y S T E M  ---------------

OS:
 Windows 10 , 64 bit Build 19041 (10.0.19041.1348)
OS uptime: 0 days 12:22 hours

CPU: total 16 (initial active 16) (16 cores per cpu, 2 threads per core) family 23 model 96 stepping 1 microcode 0x0, cx8, cmov, fxsr, ht, mmx, 3dnowpref, sse, sse2, sse3, ssse3, sse4a, sse4.1, sse4.2, popcnt, lzcnt, tsc, tscinvbit, avx, avx2, aes, clmul, bmi1, bmi2, adx, sha, fma, vzeroupper, clflush, clflushopt

Memory: 4k page, system-wide physical 7549M (473M free)
TotalPageFile size 24770M (AvailPageFile size 0M)
current process WorkingSet (physical memory assigned to process): 82M, peak: 82M
current process commit charge ("private bytes"): 241M, peak: 242M

vm_info: OpenJDK 64-Bit Server VM (17.0.1+12-39) for windows-amd64 JRE (17.0.1+12-39), built on Sep 27 2021 18:39:29 by "mach5one" with MS VC++ 16.8 (VS2019)

END.
